[main] 2021-08-20 14:42:45 INFO  com.app.Main  - Welcome to Spiro Shopping app
[main] 2021-08-20 14:42:45 INFO  com.app.Main  - ==============================
[main] 2021-08-20 14:42:45 INFO  com.app.Main  - 
[main] 2021-08-20 14:42:45 INFO  com.app.Main  - ********************************************
[main] 2021-08-20 14:42:45 INFO  com.app.Main  - |   1. Employee Login                      |
[main] 2021-08-20 14:42:45 INFO  com.app.Main  - |   2. Customer Login                      |
[main] 2021-08-20 14:42:45 INFO  com.app.Main  - |   3. New Customer? Register here         |
[main] 2021-08-20 14:42:45 INFO  com.app.Main  - |   4. Exit                                |
[main] 2021-08-20 14:42:45 INFO  com.app.Main  - ********************************************
[main] 2021-08-20 14:42:49 INFO  com.app.Main  - ENTER EMAIL TO LOGIN
[main] 2021-08-20 14:42:56 INFO  com.app.Main  - ENTER YOUR PASSWORD
[main] 2021-08-20 14:42:59 INFO  com.app.Main  - 
------------------------
[main] 2021-08-20 14:42:59 INFO  com.app.Main  - | 1. Add a Product     |
[main] 2021-08-20 14:42:59 INFO  com.app.Main  - | 2. Search Customers  |
[main] 2021-08-20 14:42:59 INFO  com.app.Main  - | 3. Mark the status   |
[main] 2021-08-20 14:42:59 INFO  com.app.Main  - | 4. Logout!           |
[main] 2021-08-20 14:42:59 INFO  com.app.Main  - ------------------------
[main] 2021-08-20 14:43:08 INFO  com.app.Main  - Orders placed by the Customers are
[main] 2021-08-20 14:43:08 INFO  com.app.Main  - Order orderId=1, customerId=2, productId=100, orderStatus=shipped productname=Tv, manufacturer=Samsung, cost=2000.0
[main] 2021-08-20 14:43:08 INFO  com.app.Main  - Order orderId=2, customerId=2, productId=100, orderStatus=shipped productname=Tv, manufacturer=Samsung, cost=2000.0
[main] 2021-08-20 14:43:08 INFO  com.app.Main  - Order orderId=3, customerId=2, productId=120, orderStatus=ordered productname=Mobile, manufacturer=RedMagic, cost=20000.0
[main] 2021-08-20 14:43:08 INFO  com.app.Main  - Order orderId=5, customerId=1, productId=100, orderStatus=received productname=Tv, manufacturer=Samsung, cost=2000.0
[main] 2021-08-20 14:43:08 INFO  com.app.Main  - Order orderId=6, customerId=1, productId=101, orderStatus=received productname=Tv, manufacturer=Toshiba, cost=20000.0
[main] 2021-08-20 14:43:08 INFO  com.app.Main  - Order orderId=8, customerId=1, productId=100, orderStatus=received productname=Tv, manufacturer=Samsung, cost=2000.0
[main] 2021-08-20 14:43:08 INFO  com.app.Main  - Order orderId=9, customerId=1, productId=100, orderStatus=shipped productname=Tv, manufacturer=Samsung, cost=2000.0
[main] 2021-08-20 14:43:08 INFO  com.app.Main  - Order orderId=10, customerId=1, productId=100, orderStatus=shipped productname=Tv, manufacturer=Samsung, cost=2000.0
[main] 2021-08-20 14:43:08 INFO  com.app.Main  - Order orderId=11, customerId=1, productId=100, orderStatus=shipped productname=Tv, manufacturer=Samsung, cost=2000.0
[main] 2021-08-20 14:43:08 INFO  com.app.Main  - Order orderId=12, customerId=1, productId=100, orderStatus=ordered productname=Tv, manufacturer=Samsung, cost=2000.0
[main] 2021-08-20 14:43:08 INFO  com.app.Main  - Order orderId=13, customerId=1, productId=120, orderStatus=ordered productname=Mobile, manufacturer=RedMagic, cost=20000.0
[main] 2021-08-20 14:43:08 INFO  com.app.Main  - Order orderId=14, customerId=235, productId=1233, orderStatus=received productname=Camera, manufacturer=Canon, cost=20000.0
[main] 2021-08-20 14:43:08 INFO  com.app.Main  - 
[main] 2021-08-20 14:43:08 INFO  com.app.Main  - ENTER ORDER ID
[main] 2021-08-20 14:55:49 INFO  com.app.Main  - Welcome to Spiro Shopping app
[main] 2021-08-20 14:55:49 INFO  com.app.Main  - ==============================
[main] 2021-08-20 14:55:49 INFO  com.app.Main  - 
[main] 2021-08-20 14:55:49 INFO  com.app.Main  - ********************************************
[main] 2021-08-20 14:55:49 INFO  com.app.Main  - |   1. Employee Login                      |
[main] 2021-08-20 14:55:49 INFO  com.app.Main  - |   2. Customer Login                      |
[main] 2021-08-20 14:55:49 INFO  com.app.Main  - |   3. New Customer? Register here         |
[main] 2021-08-20 14:55:49 INFO  com.app.Main  - |   4. Exit                                |
[main] 2021-08-20 14:55:49 INFO  com.app.Main  - ********************************************
[main] 2021-08-20 14:55:56 INFO  com.app.Main  - ENTER EMAIL TO LOGIN
[main] 2021-08-20 14:56:02 INFO  com.app.Main  - ENTER YOUR PASSWORD
[main] 2021-08-20 14:56:06 INFO  com.app.Main  - 
------------------------
[main] 2021-08-20 14:56:06 INFO  com.app.Main  - | 1. Add a Product     |
[main] 2021-08-20 14:56:06 INFO  com.app.Main  - | 2. Search Customers  |
[main] 2021-08-20 14:56:06 INFO  com.app.Main  - | 3. Mark the status   |
[main] 2021-08-20 14:56:06 INFO  com.app.Main  - | 4. Logout!           |
[main] 2021-08-20 14:56:06 INFO  com.app.Main  - ------------------------
[main] 2021-08-20 14:56:07 INFO  com.app.Main  - 
-----------------
[main] 2021-08-20 14:56:07 INFO  com.app.Main  - |Search By      |
[main] 2021-08-20 14:56:07 INFO  com.app.Main  - |---------------|
[main] 2021-08-20 14:56:07 INFO  com.app.Main  - | 1. Id         |
[main] 2021-08-20 14:56:07 INFO  com.app.Main  - | 2. Name       |
[main] 2021-08-20 14:56:07 INFO  com.app.Main  - | 3. Email      |
[main] 2021-08-20 14:56:07 INFO  com.app.Main  - | 4. OrderId    |
[main] 2021-08-20 14:56:07 INFO  com.app.Main  - | 5. Exit       |
[main] 2021-08-20 14:56:07 INFO  com.app.Main  - ----------------
[main] 2021-08-20 14:56:10 INFO  com.app.Main  - 
-----------------
[main] 2021-08-20 14:56:10 INFO  com.app.Main  - |Search By      |
[main] 2021-08-20 14:56:10 INFO  com.app.Main  - |---------------|
[main] 2021-08-20 14:56:10 INFO  com.app.Main  - | 1. Id         |
[main] 2021-08-20 14:56:10 INFO  com.app.Main  - | 2. Name       |
[main] 2021-08-20 14:56:10 INFO  com.app.Main  - | 3. Email      |
[main] 2021-08-20 14:56:10 INFO  com.app.Main  - | 4. OrderId    |
[main] 2021-08-20 14:56:10 INFO  com.app.Main  - | 5. Exit       |
[main] 2021-08-20 14:56:10 INFO  com.app.Main  - ----------------
[main] 2021-08-20 14:56:14 INFO  com.app.Main  - Enter customer id to get Customer details
[main] 2021-08-20 14:56:24 WARN  com.app.Main  - Entered customer id 765 doesnt exist
[main] 2021-08-20 14:56:24 INFO  com.app.Main  - 
-----------------
[main] 2021-08-20 14:56:24 INFO  com.app.Main  - |Search By      |
[main] 2021-08-20 14:56:24 INFO  com.app.Main  - |---------------|
[main] 2021-08-20 14:56:24 INFO  com.app.Main  - | 1. Id         |
[main] 2021-08-20 14:56:24 INFO  com.app.Main  - | 2. Name       |
[main] 2021-08-20 14:56:24 INFO  com.app.Main  - | 3. Email      |
[main] 2021-08-20 14:56:24 INFO  com.app.Main  - | 4. OrderId    |
[main] 2021-08-20 14:56:24 INFO  com.app.Main  - | 5. Exit       |
[main] 2021-08-20 14:56:24 INFO  com.app.Main  - ----------------
[main] 2021-08-20 14:56:29 INFO  com.app.Main  - Enter customer Email to get Customer details
[main] 2021-08-20 14:56:31 WARN  com.app.Main  - Invalid Email iuytfr
[main] 2021-08-20 14:56:31 INFO  com.app.Main  - 
-----------------
[main] 2021-08-20 14:56:31 INFO  com.app.Main  - |Search By      |
[main] 2021-08-20 14:56:31 INFO  com.app.Main  - |---------------|
[main] 2021-08-20 14:56:31 INFO  com.app.Main  - | 1. Id         |
[main] 2021-08-20 14:56:31 INFO  com.app.Main  - | 2. Name       |
[main] 2021-08-20 14:56:31 INFO  com.app.Main  - | 3. Email      |
[main] 2021-08-20 14:56:31 INFO  com.app.Main  - | 4. OrderId    |
[main] 2021-08-20 14:56:31 INFO  com.app.Main  - | 5. Exit       |
[main] 2021-08-20 14:56:31 INFO  com.app.Main  - ----------------
[main] 2021-08-20 14:56:43 INFO  com.app.Main  - Enter customer name to get Customer details
[main] 2021-08-20 14:56:45 WARN  com.app.Main  - No Customers for the name kjhgf
[main] 2021-08-20 14:56:45 INFO  com.app.Main  - 
-----------------
[main] 2021-08-20 14:56:45 INFO  com.app.Main  - |Search By      |
[main] 2021-08-20 14:56:45 INFO  com.app.Main  - |---------------|
[main] 2021-08-20 14:56:45 INFO  com.app.Main  - | 1. Id         |
[main] 2021-08-20 14:56:45 INFO  com.app.Main  - | 2. Name       |
[main] 2021-08-20 14:56:45 INFO  com.app.Main  - | 3. Email      |
[main] 2021-08-20 14:56:45 INFO  com.app.Main  - | 4. OrderId    |
[main] 2021-08-20 14:56:45 INFO  com.app.Main  - | 5. Exit       |
[main] 2021-08-20 14:56:45 INFO  com.app.Main  - ----------------
[main] 2021-08-20 14:56:49 INFO  com.app.Main  - ENTER ORDER ID
[main] 2021-08-20 14:56:51 WARN  com.app.Main  - Entered Order Id 876 doesnt exist
[main] 2021-08-20 14:56:51 INFO  com.app.Main  - 
-----------------
[main] 2021-08-20 14:56:51 INFO  com.app.Main  - |Search By      |
[main] 2021-08-20 14:56:51 INFO  com.app.Main  - |---------------|
[main] 2021-08-20 14:56:51 INFO  com.app.Main  - | 1. Id         |
[main] 2021-08-20 14:56:51 INFO  com.app.Main  - | 2. Name       |
[main] 2021-08-20 14:56:51 INFO  com.app.Main  - | 3. Email      |
[main] 2021-08-20 14:56:51 INFO  com.app.Main  - | 4. OrderId    |
[main] 2021-08-20 14:56:51 INFO  com.app.Main  - | 5. Exit       |
[main] 2021-08-20 14:56:51 INFO  com.app.Main  - ----------------
[main] 2021-08-20 14:58:07 INFO  com.app.Main  - Welcome to Spiro Shopping app
[main] 2021-08-20 14:58:07 INFO  com.app.Main  - ==============================
[main] 2021-08-20 14:58:07 INFO  com.app.Main  - 
[main] 2021-08-20 14:58:07 INFO  com.app.Main  - ********************************************
[main] 2021-08-20 14:58:07 INFO  com.app.Main  - |   1. Employee Login                      |
[main] 2021-08-20 14:58:07 INFO  com.app.Main  - |   2. Customer Login                      |
[main] 2021-08-20 14:58:07 INFO  com.app.Main  - |   3. New Customer? Register here         |
[main] 2021-08-20 14:58:07 INFO  com.app.Main  - |   4. Exit                                |
[main] 2021-08-20 14:58:07 INFO  com.app.Main  - ********************************************
[main] 2021-08-20 14:58:11 INFO  com.app.Main  - ENTER YOUR EMAIL
[main] 2021-08-20 14:58:16 INFO  com.app.Main  - ENTER YOUR PASSWORD
[main] 2021-08-20 14:58:20 INFO  com.app.Main  - Logged In successfully
[main] 2021-08-20 14:58:20 INFO  com.app.Main  - 
Welcome
[main] 2021-08-20 14:58:20 INFO  com.app.Main  - 
 Ready to surf shopping?
[main] 2021-08-20 14:58:20 INFO  com.app.Main  - 
      --Money has no meaning without a need--
[main] 2021-08-20 14:58:20 INFO  com.app.Main  -              -Make that need meaningful-
[main] 2021-08-20 14:58:20 INFO  com.app.Main  -                       Naga Madhu
[main] 2021-08-20 14:58:20 INFO  com.app.Main  - 
------------------------------------------------------
[main] 2021-08-20 14:58:20 INFO  com.app.Main  - | 1. List the available products                     |
[main] 2021-08-20 14:58:20 INFO  com.app.Main  - ------------------------------------------------------
[main] 2021-08-20 14:58:20 INFO  com.app.Main  - | 2. Add a product to the Cart                       |
[main] 2021-08-20 14:58:20 INFO  com.app.Main  - ------------------------------------------------------
[main] 2021-08-20 14:58:20 INFO  com.app.Main  - | 3. View the Cart with product list and total       |
[main] 2021-08-20 14:58:20 INFO  com.app.Main  - ------------------------------------------------------
[main] 2021-08-20 14:58:20 INFO  com.app.Main  - | 4. PLace orders on the items in the Cart           |
[main] 2021-08-20 14:58:20 INFO  com.app.Main  - ------------------------------------------------------
[main] 2021-08-20 14:58:20 INFO  com.app.Main  - | 5. Mark the order as received                      |
[main] 2021-08-20 14:58:20 INFO  com.app.Main  - ------------------------------------------------------
[main] 2021-08-20 14:58:20 INFO  com.app.Main  - | 6. View all my orders and it's status              |
[main] 2021-08-20 14:58:20 INFO  com.app.Main  - ------------------------------------------------------
[main] 2021-08-20 14:58:20 INFO  com.app.Main  - | 7. Logout                                          |
[main] 2021-08-20 14:58:20 INFO  com.app.Main  - ------------------------------------------------------
[main] 2021-08-20 14:58:23 INFO  com.app.Main  - Below are the available products
[main] 2021-08-20 14:58:23 INFO  com.app.Main  - Product Id=10, Name=ejnund, Manufacturer=usnunc, Cost=1200.0
[main] 2021-08-20 14:58:23 INFO  com.app.Main  - Product Id=12, Name=huebf, Manufacturer=weiuhued, Cost=1200.0
[main] 2021-08-20 14:58:23 INFO  com.app.Main  - Product Id=15, Name=uhcuehid, Manufacturer=euhuehhd, Cost=1200.0
[main] 2021-08-20 14:58:23 INFO  com.app.Main  - Product Id=100, Name=Tv, Manufacturer=Samsung, Cost=2000.0
[main] 2021-08-20 14:58:23 INFO  com.app.Main  - Product Id=101, Name=Tv, Manufacturer=Toshiba, Cost=20000.0
[main] 2021-08-20 14:58:23 INFO  com.app.Main  - Product Id=120, Name=Mobile, Manufacturer=RedMagic, Cost=20000.0
[main] 2021-08-20 14:58:23 INFO  com.app.Main  - Product Id=121, Name=Monitor, Manufacturer=SONY, Cost=30000.0
[main] 2021-08-20 14:58:23 INFO  com.app.Main  - Product Id=123, Name=AC, Manufacturer=LG, Cost=30000.0
[main] 2021-08-20 14:58:23 INFO  com.app.Main  - Product Id=128, Name=Wifi Router, Manufacturer=Hexa, Cost=1500.0
[main] 2021-08-20 14:58:23 INFO  com.app.Main  - Product Id=130, Name=SONY Mobile, Manufacturer=SONY, Cost=20000.0
[main] 2021-08-20 14:58:23 INFO  com.app.Main  - Product Id=134, Name=, Manufacturer=jdncjn, Cost=1200.0
[main] 2021-08-20 14:58:23 INFO  com.app.Main  - Product Id=136, Name=Mobile, Manufacturer=RealMe, Cost=20000.0
[main] 2021-08-20 14:58:23 INFO  com.app.Main  - Product Id=145, Name=TV, Manufacturer=MI, Cost=20000.0
[main] 2021-08-20 14:58:23 INFO  com.app.Main  - Product Id=163, Name=rvrt5gr5g, Manufacturer=trgvtrg5gf, Cost=65465.0
[main] 2021-08-20 14:58:23 INFO  com.app.Main  - Product Id=178, Name=jhfbvhfvn, Manufacturer=jnjfnvfjv, Cost=20000.0
[main] 2021-08-20 14:58:23 INFO  com.app.Main  - Product Id=180, Name=jncjrnc, Manufacturer=jkcn jdnc, Cost=2000.0
[main] 2021-08-20 14:58:23 INFO  com.app.Main  - Product Id=192, Name=Mouse, Manufacturer=Logitech, Cost=20000.0
[main] 2021-08-20 14:58:23 INFO  com.app.Main  - Product Id=234, Name=srrgr, Manufacturer=rfvrvrf, Cost=2311.0
[main] 2021-08-20 14:58:23 INFO  com.app.Main  - Product Id=321, Name=refrg5tr, Manufacturer=tref5rf5fr, Cost=20000.0
[main] 2021-08-20 14:58:23 INFO  com.app.Main  - Product Id=345, Name=yjnhbgvfd, Manufacturer=kjhgfds, Cost=6654.0
[main] 2021-08-20 14:58:23 INFO  com.app.Main  - Product Id=543, Name=uhygfd, Manufacturer=ujyhgfds, Cost=65432.0
[main] 2021-08-20 14:58:23 INFO  com.app.Main  - Product Id=544, Name=jhgfd, Manufacturer=jhygtfds, Cost=5432.0
[main] 2021-08-20 14:58:23 INFO  com.app.Main  - Product Id=765, Name=kmjnhbgvf, Manufacturer=ukmjhgfds, Cost=7654.0
[main] 2021-08-20 14:58:23 INFO  com.app.Main  - Product Id=1221, Name=Tv, Manufacturer=Sony, Cost=20000.0
[main] 2021-08-20 14:58:23 INFO  com.app.Main  - Product Id=1231, Name=Poco F2, Manufacturer=Xiomi, Cost=20000.0
[main] 2021-08-20 14:58:23 INFO  com.app.Main  - Product Id=1233, Name=Camera, Manufacturer=Canon, Cost=20000.0
[main] 2021-08-20 14:58:23 INFO  com.app.Main  - 
------------------------------------------------------
[main] 2021-08-20 14:58:23 INFO  com.app.Main  - | 1. List the available products                     |
[main] 2021-08-20 14:58:23 INFO  com.app.Main  - ------------------------------------------------------
[main] 2021-08-20 14:58:23 INFO  com.app.Main  - | 2. Add a product to the Cart                       |
[main] 2021-08-20 14:58:23 INFO  com.app.Main  - ------------------------------------------------------
[main] 2021-08-20 14:58:23 INFO  com.app.Main  - | 3. View the Cart with product list and total       |
[main] 2021-08-20 14:58:23 INFO  com.app.Main  - ------------------------------------------------------
[main] 2021-08-20 14:58:23 INFO  com.app.Main  - | 4. PLace orders on the items in the Cart           |
[main] 2021-08-20 14:58:23 INFO  com.app.Main  - ------------------------------------------------------
[main] 2021-08-20 14:58:23 INFO  com.app.Main  - | 5. Mark the order as received                      |
[main] 2021-08-20 14:58:23 INFO  com.app.Main  - ------------------------------------------------------
[main] 2021-08-20 14:58:23 INFO  com.app.Main  - | 6. View all my orders and it's status              |
[main] 2021-08-20 14:58:23 INFO  com.app.Main  - ------------------------------------------------------
[main] 2021-08-20 14:58:23 INFO  com.app.Main  - | 7. Logout                                          |
[main] 2021-08-20 14:58:23 INFO  com.app.Main  - ------------------------------------------------------
[main] 2021-08-20 14:58:28 INFO  com.app.Main  - Visit again
[main] 2021-08-20 14:59:49 INFO  com.app.Main  - Welcome to Spiro Shopping app
[main] 2021-08-20 14:59:49 INFO  com.app.Main  - ==============================
[main] 2021-08-20 14:59:49 INFO  com.app.Main  - 
[main] 2021-08-20 14:59:49 INFO  com.app.Main  - ********************************************
[main] 2021-08-20 14:59:49 INFO  com.app.Main  - |   1. Employee Login                      |
[main] 2021-08-20 14:59:49 INFO  com.app.Main  - |   2. Customer Login                      |
[main] 2021-08-20 14:59:49 INFO  com.app.Main  - |   3. New Customer? Register here         |
[main] 2021-08-20 14:59:49 INFO  com.app.Main  - |   4. Exit                                |
[main] 2021-08-20 14:59:49 INFO  com.app.Main  - ********************************************
[main] 2021-08-20 14:59:52 INFO  com.app.Main  - ENTER YOUR EMAIL
[main] 2021-08-20 14:59:57 INFO  com.app.Main  - ENTER YOUR PASSWORD
[main] 2021-08-20 15:00:00 INFO  com.app.Main  - Logged In successfully
[main] 2021-08-20 15:00:00 INFO  com.app.Main  - 
Welcome
[main] 2021-08-20 15:00:00 INFO  com.app.Main  - 
 Ready to surf shopping?
[main] 2021-08-20 15:00:00 INFO  com.app.Main  - 
      --Money has no meaning without a need--
[main] 2021-08-20 15:00:00 INFO  com.app.Main  -              -Make that need meaningful-
[main] 2021-08-20 15:00:00 INFO  com.app.Main  -                       Naga Madhu
[main] 2021-08-20 15:00:00 INFO  com.app.Main  - 
------------------------------------------------------
[main] 2021-08-20 15:00:00 INFO  com.app.Main  - | 1. List the available products                     |
[main] 2021-08-20 15:00:00 INFO  com.app.Main  - ------------------------------------------------------
[main] 2021-08-20 15:00:00 INFO  com.app.Main  - | 2. Add a product to the Cart                       |
[main] 2021-08-20 15:00:00 INFO  com.app.Main  - ------------------------------------------------------
[main] 2021-08-20 15:00:00 INFO  com.app.Main  - | 3. View the Cart with product list and total       |
[main] 2021-08-20 15:00:00 INFO  com.app.Main  - ------------------------------------------------------
[main] 2021-08-20 15:00:00 INFO  com.app.Main  - | 4. PLace orders on the items in the Cart           |
[main] 2021-08-20 15:00:00 INFO  com.app.Main  - ------------------------------------------------------
[main] 2021-08-20 15:00:00 INFO  com.app.Main  - | 5. Mark the order as received                      |
[main] 2021-08-20 15:00:00 INFO  com.app.Main  - ------------------------------------------------------
[main] 2021-08-20 15:00:00 INFO  com.app.Main  - | 6. View all my orders and it's status              |
[main] 2021-08-20 15:00:00 INFO  com.app.Main  - ------------------------------------------------------
[main] 2021-08-20 15:00:00 INFO  com.app.Main  - | 7. Logout                                          |
[main] 2021-08-20 15:00:00 INFO  com.app.Main  - ------------------------------------------------------
[main] 2021-08-20 15:00:04 INFO  com.app.Main  - Product Id=10, Name=ejnund, Manufacturer=usnunc, Cost=1200.0
[main] 2021-08-20 15:00:04 INFO  com.app.Main  - Product Id=12, Name=huebf, Manufacturer=weiuhued, Cost=1200.0
[main] 2021-08-20 15:00:04 INFO  com.app.Main  - Product Id=15, Name=uhcuehid, Manufacturer=euhuehhd, Cost=1200.0
[main] 2021-08-20 15:00:04 INFO  com.app.Main  - Product Id=100, Name=Tv, Manufacturer=Samsung, Cost=2000.0
[main] 2021-08-20 15:00:04 INFO  com.app.Main  - Product Id=101, Name=Tv, Manufacturer=Toshiba, Cost=20000.0
[main] 2021-08-20 15:00:04 INFO  com.app.Main  - Product Id=120, Name=Mobile, Manufacturer=RedMagic, Cost=20000.0
[main] 2021-08-20 15:00:04 INFO  com.app.Main  - Product Id=121, Name=Monitor, Manufacturer=SONY, Cost=30000.0
[main] 2021-08-20 15:00:04 INFO  com.app.Main  - Product Id=123, Name=AC, Manufacturer=LG, Cost=30000.0
[main] 2021-08-20 15:00:04 INFO  com.app.Main  - Product Id=128, Name=Wifi Router, Manufacturer=Hexa, Cost=1500.0
[main] 2021-08-20 15:00:04 INFO  com.app.Main  - Product Id=130, Name=SONY Mobile, Manufacturer=SONY, Cost=20000.0
[main] 2021-08-20 15:00:04 INFO  com.app.Main  - Product Id=134, Name=, Manufacturer=jdncjn, Cost=1200.0
[main] 2021-08-20 15:00:04 INFO  com.app.Main  - Product Id=136, Name=Mobile, Manufacturer=RealMe, Cost=20000.0
[main] 2021-08-20 15:00:04 INFO  com.app.Main  - Product Id=145, Name=TV, Manufacturer=MI, Cost=20000.0
[main] 2021-08-20 15:00:04 INFO  com.app.Main  - Product Id=163, Name=rvrt5gr5g, Manufacturer=trgvtrg5gf, Cost=65465.0
[main] 2021-08-20 15:00:04 INFO  com.app.Main  - Product Id=178, Name=jhfbvhfvn, Manufacturer=jnjfnvfjv, Cost=20000.0
[main] 2021-08-20 15:00:04 INFO  com.app.Main  - Product Id=180, Name=jncjrnc, Manufacturer=jkcn jdnc, Cost=2000.0
[main] 2021-08-20 15:00:04 INFO  com.app.Main  - Product Id=192, Name=Mouse, Manufacturer=Logitech, Cost=20000.0
[main] 2021-08-20 15:00:04 INFO  com.app.Main  - Product Id=234, Name=srrgr, Manufacturer=rfvrvrf, Cost=2311.0
[main] 2021-08-20 15:00:04 INFO  com.app.Main  - Product Id=321, Name=refrg5tr, Manufacturer=tref5rf5fr, Cost=20000.0
[main] 2021-08-20 15:00:04 INFO  com.app.Main  - Product Id=345, Name=yjnhbgvfd, Manufacturer=kjhgfds, Cost=6654.0
[main] 2021-08-20 15:00:04 INFO  com.app.Main  - Product Id=543, Name=uhygfd, Manufacturer=ujyhgfds, Cost=65432.0
[main] 2021-08-20 15:00:04 INFO  com.app.Main  - Product Id=544, Name=jhgfd, Manufacturer=jhygtfds, Cost=5432.0
[main] 2021-08-20 15:00:04 INFO  com.app.Main  - Product Id=765, Name=kmjnhbgvf, Manufacturer=ukmjhgfds, Cost=7654.0
[main] 2021-08-20 15:00:04 INFO  com.app.Main  - Product Id=1221, Name=Tv, Manufacturer=Sony, Cost=20000.0
[main] 2021-08-20 15:00:04 INFO  com.app.Main  - Product Id=1231, Name=Poco F2, Manufacturer=Xiomi, Cost=20000.0
[main] 2021-08-20 15:00:04 INFO  com.app.Main  - Product Id=1233, Name=Camera, Manufacturer=Canon, Cost=20000.0
[main] 2021-08-20 15:00:04 INFO  com.app.Main  -  
[main] 2021-08-20 15:00:04 INFO  com.app.Main  - Enter the Product Id to add in the Cart
[main] 2021-08-20 15:00:06 INFO  com.app.Main  - Product with 876 added to cart successfully
[main] 2021-08-20 15:00:07 ERROR com.app.dao.impl.AddProductToCartDAOImpl  - java.sql.SQLIntegrityConstraintViolationException: Cannot add or update a child row: a foreign key constraint fails (`shopping_app`.`cart`, CONSTRAINT `cart_ibfk_2` FOREIGN KEY (`productId`) REFERENCES `products` (`productId`))
[main] 2021-08-20 15:00:07 INFO  com.app.Main  - 
------------------------------------------------------
[main] 2021-08-20 15:00:07 INFO  com.app.Main  - | 1. List the available products                     |
[main] 2021-08-20 15:00:07 INFO  com.app.Main  - ------------------------------------------------------
[main] 2021-08-20 15:00:07 INFO  com.app.Main  - | 2. Add a product to the Cart                       |
[main] 2021-08-20 15:00:07 INFO  com.app.Main  - ------------------------------------------------------
[main] 2021-08-20 15:00:07 INFO  com.app.Main  - | 3. View the Cart with product list and total       |
[main] 2021-08-20 15:00:07 INFO  com.app.Main  - ------------------------------------------------------
[main] 2021-08-20 15:00:07 INFO  com.app.Main  - | 4. PLace orders on the items in the Cart           |
[main] 2021-08-20 15:00:07 INFO  com.app.Main  - ------------------------------------------------------
[main] 2021-08-20 15:00:07 INFO  com.app.Main  - | 5. Mark the order as received                      |
[main] 2021-08-20 15:00:07 INFO  com.app.Main  - ------------------------------------------------------
[main] 2021-08-20 15:00:07 INFO  com.app.Main  - | 6. View all my orders and it's status              |
[main] 2021-08-20 15:00:07 INFO  com.app.Main  - ------------------------------------------------------
[main] 2021-08-20 15:00:07 INFO  com.app.Main  - | 7. Logout                                          |
[main] 2021-08-20 15:00:07 INFO  com.app.Main  - ------------------------------------------------------
[main] 2021-08-20 15:01:39 INFO  com.app.Main  - Welcome to Spiro Shopping app
[main] 2021-08-20 15:01:39 INFO  com.app.Main  - ==============================
[main] 2021-08-20 15:01:39 INFO  com.app.Main  - 
[main] 2021-08-20 15:01:39 INFO  com.app.Main  - ********************************************
[main] 2021-08-20 15:01:39 INFO  com.app.Main  - |   1. Employee Login                      |
[main] 2021-08-20 15:01:39 INFO  com.app.Main  - |   2. Customer Login                      |
[main] 2021-08-20 15:01:39 INFO  com.app.Main  - |   3. New Customer? Register here         |
[main] 2021-08-20 15:01:39 INFO  com.app.Main  - |   4. Exit                                |
[main] 2021-08-20 15:01:39 INFO  com.app.Main  - ********************************************
[main] 2021-08-20 15:02:21 INFO  com.app.Main  - Welcome to Spiro Shopping app
[main] 2021-08-20 15:02:21 INFO  com.app.Main  - ==============================
[main] 2021-08-20 15:02:21 INFO  com.app.Main  - 
[main] 2021-08-20 15:02:21 INFO  com.app.Main  - ********************************************
[main] 2021-08-20 15:02:21 INFO  com.app.Main  - |   1. Employee Login                      |
[main] 2021-08-20 15:02:21 INFO  com.app.Main  - |   2. Customer Login                      |
[main] 2021-08-20 15:02:21 INFO  com.app.Main  - |   3. New Customer? Register here         |
[main] 2021-08-20 15:02:21 INFO  com.app.Main  - |   4. Exit                                |
[main] 2021-08-20 15:02:21 INFO  com.app.Main  - ********************************************
[main] 2021-08-20 15:02:24 INFO  com.app.Main  - ENTER YOUR EMAIL
[main] 2021-08-20 15:02:29 INFO  com.app.Main  - ENTER YOUR PASSWORD
[main] 2021-08-20 15:02:51 INFO  com.app.Main  - Logged In successfully
[main] 2021-08-20 15:02:51 INFO  com.app.Main  - 
Welcome
[main] 2021-08-20 15:02:51 INFO  com.app.Main  - 
 Ready to surf shopping?
[main] 2021-08-20 15:02:51 INFO  com.app.Main  - 
      --Money has no meaning without a need--
[main] 2021-08-20 15:02:51 INFO  com.app.Main  -              -Make that need meaningful-
[main] 2021-08-20 15:02:51 INFO  com.app.Main  -                       Naga Madhu
[main] 2021-08-20 15:02:51 INFO  com.app.Main  - 
------------------------------------------------------
[main] 2021-08-20 15:02:51 INFO  com.app.Main  - | 1. List the available products                     |
[main] 2021-08-20 15:02:51 INFO  com.app.Main  - ------------------------------------------------------
[main] 2021-08-20 15:02:51 INFO  com.app.Main  - | 2. Add a product to the Cart                       |
[main] 2021-08-20 15:02:51 INFO  com.app.Main  - ------------------------------------------------------
[main] 2021-08-20 15:02:51 INFO  com.app.Main  - | 3. View the Cart with product list and total       |
[main] 2021-08-20 15:02:51 INFO  com.app.Main  - ------------------------------------------------------
[main] 2021-08-20 15:02:51 INFO  com.app.Main  - | 4. PLace orders on the items in the Cart           |
[main] 2021-08-20 15:02:51 INFO  com.app.Main  - ------------------------------------------------------
[main] 2021-08-20 15:02:51 INFO  com.app.Main  - | 5. Mark the order as received                      |
[main] 2021-08-20 15:02:51 INFO  com.app.Main  - ------------------------------------------------------
[main] 2021-08-20 15:02:51 INFO  com.app.Main  - | 6. View all my orders and it's status              |
[main] 2021-08-20 15:02:51 INFO  com.app.Main  - ------------------------------------------------------
[main] 2021-08-20 15:02:51 INFO  com.app.Main  - | 7. Logout                                          |
[main] 2021-08-20 15:02:51 INFO  com.app.Main  - ------------------------------------------------------
[main] 2021-08-20 15:02:54 INFO  com.app.Main  - Product Id=10, Name=ejnund, Manufacturer=usnunc, Cost=1200.0
[main] 2021-08-20 15:02:54 INFO  com.app.Main  - Product Id=12, Name=huebf, Manufacturer=weiuhued, Cost=1200.0
[main] 2021-08-20 15:02:54 INFO  com.app.Main  - Product Id=15, Name=uhcuehid, Manufacturer=euhuehhd, Cost=1200.0
[main] 2021-08-20 15:02:54 INFO  com.app.Main  - Product Id=100, Name=Tv, Manufacturer=Samsung, Cost=2000.0
[main] 2021-08-20 15:02:54 INFO  com.app.Main  - Product Id=101, Name=Tv, Manufacturer=Toshiba, Cost=20000.0
[main] 2021-08-20 15:02:54 INFO  com.app.Main  - Product Id=120, Name=Mobile, Manufacturer=RedMagic, Cost=20000.0
[main] 2021-08-20 15:02:54 INFO  com.app.Main  - Product Id=121, Name=Monitor, Manufacturer=SONY, Cost=30000.0
[main] 2021-08-20 15:02:54 INFO  com.app.Main  - Product Id=123, Name=AC, Manufacturer=LG, Cost=30000.0
[main] 2021-08-20 15:02:54 INFO  com.app.Main  - Product Id=128, Name=Wifi Router, Manufacturer=Hexa, Cost=1500.0
[main] 2021-08-20 15:02:54 INFO  com.app.Main  - Product Id=130, Name=SONY Mobile, Manufacturer=SONY, Cost=20000.0
[main] 2021-08-20 15:02:54 INFO  com.app.Main  - Product Id=134, Name=, Manufacturer=jdncjn, Cost=1200.0
[main] 2021-08-20 15:02:54 INFO  com.app.Main  - Product Id=136, Name=Mobile, Manufacturer=RealMe, Cost=20000.0
[main] 2021-08-20 15:02:54 INFO  com.app.Main  - Product Id=145, Name=TV, Manufacturer=MI, Cost=20000.0
[main] 2021-08-20 15:02:54 INFO  com.app.Main  - Product Id=163, Name=rvrt5gr5g, Manufacturer=trgvtrg5gf, Cost=65465.0
[main] 2021-08-20 15:02:54 INFO  com.app.Main  - Product Id=178, Name=jhfbvhfvn, Manufacturer=jnjfnvfjv, Cost=20000.0
[main] 2021-08-20 15:02:54 INFO  com.app.Main  - Product Id=180, Name=jncjrnc, Manufacturer=jkcn jdnc, Cost=2000.0
[main] 2021-08-20 15:02:54 INFO  com.app.Main  - Product Id=192, Name=Mouse, Manufacturer=Logitech, Cost=20000.0
[main] 2021-08-20 15:02:54 INFO  com.app.Main  - Product Id=234, Name=srrgr, Manufacturer=rfvrvrf, Cost=2311.0
[main] 2021-08-20 15:02:54 INFO  com.app.Main  - Product Id=321, Name=refrg5tr, Manufacturer=tref5rf5fr, Cost=20000.0
[main] 2021-08-20 15:02:54 INFO  com.app.Main  - Product Id=345, Name=yjnhbgvfd, Manufacturer=kjhgfds, Cost=6654.0
[main] 2021-08-20 15:02:54 INFO  com.app.Main  - Product Id=543, Name=uhygfd, Manufacturer=ujyhgfds, Cost=65432.0
[main] 2021-08-20 15:02:54 INFO  com.app.Main  - Product Id=544, Name=jhgfd, Manufacturer=jhygtfds, Cost=5432.0
[main] 2021-08-20 15:02:54 INFO  com.app.Main  - Product Id=765, Name=kmjnhbgvf, Manufacturer=ukmjhgfds, Cost=7654.0
[main] 2021-08-20 15:02:54 INFO  com.app.Main  - Product Id=1221, Name=Tv, Manufacturer=Sony, Cost=20000.0
[main] 2021-08-20 15:02:54 INFO  com.app.Main  - Product Id=1231, Name=Poco F2, Manufacturer=Xiomi, Cost=20000.0
[main] 2021-08-20 15:02:54 INFO  com.app.Main  - Product Id=1233, Name=Camera, Manufacturer=Canon, Cost=20000.0
[main] 2021-08-20 15:02:54 INFO  com.app.Main  -  
[main] 2021-08-20 15:02:54 INFO  com.app.Main  - Enter the Product Id to add in the Cart
[main] 2021-08-20 15:02:56 INFO  com.app.Main  - Product with 7654 added to cart successfully
[main] 2021-08-20 15:02:56 ERROR com.app.dao.impl.AddProductToCartDAOImpl  - java.sql.SQLIntegrityConstraintViolationException: Cannot add or update a child row: a foreign key constraint fails (`shopping_app`.`cart`, CONSTRAINT `cart_ibfk_2` FOREIGN KEY (`productId`) REFERENCES `products` (`productId`))
[main] 2021-08-20 15:02:56 INFO  com.app.Main  - 
------------------------------------------------------
[main] 2021-08-20 15:02:56 INFO  com.app.Main  - | 1. List the available products                     |
[main] 2021-08-20 15:02:56 INFO  com.app.Main  - ------------------------------------------------------
[main] 2021-08-20 15:02:56 INFO  com.app.Main  - | 2. Add a product to the Cart                       |
[main] 2021-08-20 15:02:56 INFO  com.app.Main  - ------------------------------------------------------
[main] 2021-08-20 15:02:56 INFO  com.app.Main  - | 3. View the Cart with product list and total       |
[main] 2021-08-20 15:02:56 INFO  com.app.Main  - ------------------------------------------------------
[main] 2021-08-20 15:02:56 INFO  com.app.Main  - | 4. PLace orders on the items in the Cart           |
[main] 2021-08-20 15:02:56 INFO  com.app.Main  - ------------------------------------------------------
[main] 2021-08-20 15:02:56 INFO  com.app.Main  - | 5. Mark the order as received                      |
[main] 2021-08-20 15:02:56 INFO  com.app.Main  - ------------------------------------------------------
[main] 2021-08-20 15:02:56 INFO  com.app.Main  - | 6. View all my orders and it's status              |
[main] 2021-08-20 15:02:56 INFO  com.app.Main  - ------------------------------------------------------
[main] 2021-08-20 15:02:56 INFO  com.app.Main  - | 7. Logout                                          |
[main] 2021-08-20 15:02:56 INFO  com.app.Main  - ------------------------------------------------------
[main] 2021-08-20 15:03:06 INFO  com.app.Main  - Visit again
[main] 2021-08-20 15:12:41 INFO  com.app.Main  - Welcome to Spiro Shopping app
[main] 2021-08-20 15:12:41 INFO  com.app.Main  - ==============================
[main] 2021-08-20 15:12:41 INFO  com.app.Main  - 
[main] 2021-08-20 15:12:41 INFO  com.app.Main  - ********************************************
[main] 2021-08-20 15:12:41 INFO  com.app.Main  - |   1. Employee Login                      |
[main] 2021-08-20 15:12:41 INFO  com.app.Main  - |   2. Customer Login                      |
[main] 2021-08-20 15:12:41 INFO  com.app.Main  - |   3. New Customer? Register here         |
[main] 2021-08-20 15:12:41 INFO  com.app.Main  - |   4. Exit                                |
[main] 2021-08-20 15:12:41 INFO  com.app.Main  - ********************************************
[main] 2021-08-20 15:23:00 INFO  com.app.Main  - Welcome to Spiro Shopping app
[main] 2021-08-20 15:23:00 INFO  com.app.Main  - ==============================
[main] 2021-08-20 15:23:00 INFO  com.app.Main  - 
[main] 2021-08-20 15:23:00 INFO  com.app.Main  - ********************************************
[main] 2021-08-20 15:23:00 INFO  com.app.Main  - |   1. Employee Login                      |
[main] 2021-08-20 15:23:00 INFO  com.app.Main  - |   2. Customer Login                      |
[main] 2021-08-20 15:23:00 INFO  com.app.Main  - |   3. New Customer? Register here         |
[main] 2021-08-20 15:23:00 INFO  com.app.Main  - |   4. Exit                                |
[main] 2021-08-20 15:23:00 INFO  com.app.Main  - ********************************************
[main] 2021-08-20 15:23:12 INFO  com.app.Main  - ENTER YOUR EMAIL
[main] 2021-08-20 15:23:18 INFO  com.app.Main  - ENTER YOUR PASSWORD
[main] 2021-08-20 15:23:42 INFO  com.app.Main  - 
[main] 2021-08-20 15:23:42 INFO  com.app.Main  - ********************************************
[main] 2021-08-20 15:23:42 INFO  com.app.Main  - |   1. Employee Login                      |
[main] 2021-08-20 15:23:42 INFO  com.app.Main  - |   2. Customer Login                      |
[main] 2021-08-20 15:23:42 INFO  com.app.Main  - |   3. New Customer? Register here         |
[main] 2021-08-20 15:23:42 INFO  com.app.Main  - |   4. Exit                                |
[main] 2021-08-20 15:23:42 INFO  com.app.Main  - ********************************************
[main] 2021-08-20 15:23:47 INFO  com.app.Main  - ENTER YOUR EMAIL
[main] 2021-08-20 15:23:52 INFO  com.app.Main  - ENTER YOUR PASSWORD
[main] 2021-08-20 15:23:54 INFO  com.app.Main  - Logged In successfully
[main] 2021-08-20 15:23:54 INFO  com.app.Main  - 
Welcome
[main] 2021-08-20 15:23:54 INFO  com.app.Main  - 
 Ready to surf shopping?
[main] 2021-08-20 15:23:54 INFO  com.app.Main  - 
      --Money has no meaning without a need--
[main] 2021-08-20 15:23:54 INFO  com.app.Main  -              -Make that need meaningful-
[main] 2021-08-20 15:23:54 INFO  com.app.Main  -                       Naga Madhu
[main] 2021-08-20 15:23:54 INFO  com.app.Main  - 
------------------------------------------------------
[main] 2021-08-20 15:23:54 INFO  com.app.Main  - | 1. List the available products                     |
[main] 2021-08-20 15:23:54 INFO  com.app.Main  - ------------------------------------------------------
[main] 2021-08-20 15:23:54 INFO  com.app.Main  - | 2. Add a product to the Cart                       |
[main] 2021-08-20 15:23:54 INFO  com.app.Main  - ------------------------------------------------------
[main] 2021-08-20 15:23:54 INFO  com.app.Main  - | 3. View the Cart with product list and total       |
[main] 2021-08-20 15:23:54 INFO  com.app.Main  - ------------------------------------------------------
[main] 2021-08-20 15:23:54 INFO  com.app.Main  - | 4. PLace orders on the items in the Cart           |
[main] 2021-08-20 15:23:54 INFO  com.app.Main  - ------------------------------------------------------
[main] 2021-08-20 15:23:54 INFO  com.app.Main  - | 5. Mark the order as received                      |
[main] 2021-08-20 15:23:54 INFO  com.app.Main  - ------------------------------------------------------
[main] 2021-08-20 15:23:54 INFO  com.app.Main  - | 6. View all my orders and it's status              |
[main] 2021-08-20 15:23:54 INFO  com.app.Main  - ------------------------------------------------------
[main] 2021-08-20 15:23:54 INFO  com.app.Main  - | 7. Logout                                          |
[main] 2021-08-20 15:23:54 INFO  com.app.Main  - ------------------------------------------------------
[main] 2021-08-20 15:24:03 INFO  com.app.Main  - Product Id=10, Name=ejnund, Manufacturer=usnunc, Cost=1200.0
[main] 2021-08-20 15:24:03 INFO  com.app.Main  - Product Id=12, Name=huebf, Manufacturer=weiuhued, Cost=1200.0
[main] 2021-08-20 15:24:03 INFO  com.app.Main  - Product Id=15, Name=uhcuehid, Manufacturer=euhuehhd, Cost=1200.0
[main] 2021-08-20 15:24:03 INFO  com.app.Main  - Product Id=100, Name=Tv, Manufacturer=Samsung, Cost=2000.0
[main] 2021-08-20 15:24:03 INFO  com.app.Main  - Product Id=101, Name=Tv, Manufacturer=Toshiba, Cost=20000.0
[main] 2021-08-20 15:24:03 INFO  com.app.Main  - Product Id=120, Name=Mobile, Manufacturer=RedMagic, Cost=20000.0
[main] 2021-08-20 15:24:03 INFO  com.app.Main  - Product Id=121, Name=Monitor, Manufacturer=SONY, Cost=30000.0
[main] 2021-08-20 15:24:03 INFO  com.app.Main  - Product Id=123, Name=AC, Manufacturer=LG, Cost=30000.0
[main] 2021-08-20 15:24:03 INFO  com.app.Main  - Product Id=128, Name=Wifi Router, Manufacturer=Hexa, Cost=1500.0
[main] 2021-08-20 15:24:03 INFO  com.app.Main  - Product Id=130, Name=SONY Mobile, Manufacturer=SONY, Cost=20000.0
[main] 2021-08-20 15:24:03 INFO  com.app.Main  - Product Id=134, Name=, Manufacturer=jdncjn, Cost=1200.0
[main] 2021-08-20 15:24:03 INFO  com.app.Main  - Product Id=136, Name=Mobile, Manufacturer=RealMe, Cost=20000.0
[main] 2021-08-20 15:24:03 INFO  com.app.Main  - Product Id=145, Name=TV, Manufacturer=MI, Cost=20000.0
[main] 2021-08-20 15:24:03 INFO  com.app.Main  - Product Id=163, Name=rvrt5gr5g, Manufacturer=trgvtrg5gf, Cost=65465.0
[main] 2021-08-20 15:24:03 INFO  com.app.Main  - Product Id=178, Name=jhfbvhfvn, Manufacturer=jnjfnvfjv, Cost=20000.0
[main] 2021-08-20 15:24:03 INFO  com.app.Main  - Product Id=180, Name=jncjrnc, Manufacturer=jkcn jdnc, Cost=2000.0
[main] 2021-08-20 15:24:03 INFO  com.app.Main  - Product Id=192, Name=Mouse, Manufacturer=Logitech, Cost=20000.0
[main] 2021-08-20 15:24:03 INFO  com.app.Main  - Product Id=234, Name=srrgr, Manufacturer=rfvrvrf, Cost=2311.0
[main] 2021-08-20 15:24:03 INFO  com.app.Main  - Product Id=321, Name=refrg5tr, Manufacturer=tref5rf5fr, Cost=20000.0
[main] 2021-08-20 15:24:03 INFO  com.app.Main  - Product Id=345, Name=yjnhbgvfd, Manufacturer=kjhgfds, Cost=6654.0
[main] 2021-08-20 15:24:03 INFO  com.app.Main  - Product Id=543, Name=uhygfd, Manufacturer=ujyhgfds, Cost=65432.0
[main] 2021-08-20 15:24:03 INFO  com.app.Main  - Product Id=544, Name=jhgfd, Manufacturer=jhygtfds, Cost=5432.0
[main] 2021-08-20 15:24:03 INFO  com.app.Main  - Product Id=765, Name=kmjnhbgvf, Manufacturer=ukmjhgfds, Cost=7654.0
[main] 2021-08-20 15:24:03 INFO  com.app.Main  - Product Id=1221, Name=Tv, Manufacturer=Sony, Cost=20000.0
[main] 2021-08-20 15:24:03 INFO  com.app.Main  - Product Id=1231, Name=Poco F2, Manufacturer=Xiomi, Cost=20000.0
[main] 2021-08-20 15:24:03 INFO  com.app.Main  - Product Id=1233, Name=Camera, Manufacturer=Canon, Cost=20000.0
[main] 2021-08-20 15:24:03 INFO  com.app.Main  -  
[main] 2021-08-20 15:24:20 INFO  com.app.Main  - Product with 1233 added to cart successfully
[main] 2021-08-20 15:24:21 INFO  com.app.service.impl.AddProductToCartServiceImpl  - Product added successfully
[main] 2021-08-20 15:24:21 INFO  com.app.Main  - 
------------------------------------------------------
[main] 2021-08-20 15:24:21 INFO  com.app.Main  - | 1. List the available products                     |
[main] 2021-08-20 15:24:21 INFO  com.app.Main  - ------------------------------------------------------
[main] 2021-08-20 15:24:21 INFO  com.app.Main  - | 2. Add a product to the Cart                       |
[main] 2021-08-20 15:24:21 INFO  com.app.Main  - ------------------------------------------------------
[main] 2021-08-20 15:24:21 INFO  com.app.Main  - | 3. View the Cart with product list and total       |
[main] 2021-08-20 15:24:21 INFO  com.app.Main  - ------------------------------------------------------
[main] 2021-08-20 15:24:21 INFO  com.app.Main  - | 4. PLace orders on the items in the Cart           |
[main] 2021-08-20 15:24:21 INFO  com.app.Main  - ------------------------------------------------------
[main] 2021-08-20 15:24:21 INFO  com.app.Main  - | 5. Mark the order as received                      |
[main] 2021-08-20 15:24:21 INFO  com.app.Main  - ------------------------------------------------------
[main] 2021-08-20 15:24:21 INFO  com.app.Main  - | 6. View all my orders and it's status              |
[main] 2021-08-20 15:24:21 INFO  com.app.Main  - ------------------------------------------------------
[main] 2021-08-20 15:24:21 INFO  com.app.Main  - | 7. Logout                                          |
[main] 2021-08-20 15:24:21 INFO  com.app.Main  - ------------------------------------------------------
[main] 2021-08-20 15:24:29 INFO  com.app.Main  - List of Products placed in your Cart 
[main] 2021-08-20 15:24:29 INFO  com.app.Main  - Cart productId=121, customerId=1, productname=Monitor, manufacturer=SONY, cost=30000.0
[main] 2021-08-20 15:24:29 INFO  com.app.Main  - Cart productId=130, customerId=1, productname=SONY Mobile, manufacturer=SONY, cost=20000.0
[main] 2021-08-20 15:24:29 INFO  com.app.Main  - Cart productId=1233, customerId=1, productname=Camera, manufacturer=Canon, cost=20000.0
[main] 2021-08-20 15:24:29 INFO  com.app.Main  - Cart productId=1233, customerId=1, productname=Camera, manufacturer=Canon, cost=20000.0
[main] 2021-08-20 15:24:30 INFO  com.app.Main  - 
[main] 2021-08-20 15:24:30 INFO  com.app.Main  - Total Cost is 90000.0
[main] 2021-08-20 15:24:30 INFO  com.app.Main  - 
------------------------------------------------------
[main] 2021-08-20 15:24:30 INFO  com.app.Main  - | 1. List the available products                     |
[main] 2021-08-20 15:24:30 INFO  com.app.Main  - ------------------------------------------------------
[main] 2021-08-20 15:24:30 INFO  com.app.Main  - | 2. Add a product to the Cart                       |
[main] 2021-08-20 15:24:30 INFO  com.app.Main  - ------------------------------------------------------
[main] 2021-08-20 15:24:30 INFO  com.app.Main  - | 3. View the Cart with product list and total       |
[main] 2021-08-20 15:24:30 INFO  com.app.Main  - ------------------------------------------------------
[main] 2021-08-20 15:24:30 INFO  com.app.Main  - | 4. PLace orders on the items in the Cart           |
[main] 2021-08-20 15:24:30 INFO  com.app.Main  - ------------------------------------------------------
[main] 2021-08-20 15:24:30 INFO  com.app.Main  - | 5. Mark the order as received                      |
[main] 2021-08-20 15:24:30 INFO  com.app.Main  - ------------------------------------------------------
[main] 2021-08-20 15:24:30 INFO  com.app.Main  - | 6. View all my orders and it's status              |
[main] 2021-08-20 15:24:30 INFO  com.app.Main  - ------------------------------------------------------
[main] 2021-08-20 15:24:30 INFO  com.app.Main  - | 7. Logout                                          |
[main] 2021-08-20 15:24:30 INFO  com.app.Main  - ------------------------------------------------------
[main] 2021-08-20 15:25:08 INFO  com.app.Main  - Cart productId=121, customerId=1, productname=Monitor, manufacturer=SONY, cost=30000.0
[main] 2021-08-20 15:25:08 INFO  com.app.Main  - Cart productId=130, customerId=1, productname=SONY Mobile, manufacturer=SONY, cost=20000.0
[main] 2021-08-20 15:25:08 INFO  com.app.Main  - Cart productId=1233, customerId=1, productname=Camera, manufacturer=Canon, cost=20000.0
[main] 2021-08-20 15:25:08 INFO  com.app.Main  - Cart productId=1233, customerId=1, productname=Camera, manufacturer=Canon, cost=20000.0
[main] 2021-08-20 15:25:08 INFO  com.app.Main  - Ordered your product successfully
[main] 2021-08-20 15:25:08 INFO  com.app.Main  - 
------------------------------------------------------
[main] 2021-08-20 15:25:08 INFO  com.app.Main  - | 1. List the available products                     |
[main] 2021-08-20 15:25:08 INFO  com.app.Main  - ------------------------------------------------------
[main] 2021-08-20 15:25:08 INFO  com.app.Main  - | 2. Add a product to the Cart                       |
[main] 2021-08-20 15:25:08 INFO  com.app.Main  - ------------------------------------------------------
[main] 2021-08-20 15:25:08 INFO  com.app.Main  - | 3. View the Cart with product list and total       |
[main] 2021-08-20 15:25:08 INFO  com.app.Main  - ------------------------------------------------------
[main] 2021-08-20 15:25:08 INFO  com.app.Main  - | 4. PLace orders on the items in the Cart           |
[main] 2021-08-20 15:25:08 INFO  com.app.Main  - ------------------------------------------------------
[main] 2021-08-20 15:25:08 INFO  com.app.Main  - | 5. Mark the order as received                      |
[main] 2021-08-20 15:25:08 INFO  com.app.Main  - ------------------------------------------------------
[main] 2021-08-20 15:25:08 INFO  com.app.Main  - | 6. View all my orders and it's status              |
[main] 2021-08-20 15:25:08 INFO  com.app.Main  - ------------------------------------------------------
[main] 2021-08-20 15:25:08 INFO  com.app.Main  - | 7. Logout                                          |
[main] 2021-08-20 15:25:08 INFO  com.app.Main  - ------------------------------------------------------
[main] 2021-08-20 15:25:19 WARN  com.app.Main  - No Products in the Cart 
[main] 2021-08-20 15:25:19 INFO  com.app.Main  - 
------------------------------------------------------
[main] 2021-08-20 15:25:19 INFO  com.app.Main  - | 1. List the available products                     |
[main] 2021-08-20 15:25:19 INFO  com.app.Main  - ------------------------------------------------------
[main] 2021-08-20 15:25:19 INFO  com.app.Main  - | 2. Add a product to the Cart                       |
[main] 2021-08-20 15:25:19 INFO  com.app.Main  - ------------------------------------------------------
[main] 2021-08-20 15:25:19 INFO  com.app.Main  - | 3. View the Cart with product list and total       |
[main] 2021-08-20 15:25:19 INFO  com.app.Main  - ------------------------------------------------------
[main] 2021-08-20 15:25:19 INFO  com.app.Main  - | 4. PLace orders on the items in the Cart           |
[main] 2021-08-20 15:25:19 INFO  com.app.Main  - ------------------------------------------------------
[main] 2021-08-20 15:25:19 INFO  com.app.Main  - | 5. Mark the order as received                      |
[main] 2021-08-20 15:25:19 INFO  com.app.Main  - ------------------------------------------------------
[main] 2021-08-20 15:25:19 INFO  com.app.Main  - | 6. View all my orders and it's status              |
[main] 2021-08-20 15:25:19 INFO  com.app.Main  - ------------------------------------------------------
[main] 2021-08-20 15:25:19 INFO  com.app.Main  - | 7. Logout                                          |
[main] 2021-08-20 15:25:19 INFO  com.app.Main  - ------------------------------------------------------
[main] 2021-08-20 15:27:13 INFO  com.app.Main  - Orders you have placed
[main] 2021-08-20 15:27:13 INFO  com.app.Main  - Order orderId=5, customerId=1, productId=100, orderStatus=received productname=Tv, manufacturer=Samsung, cost=2000.0
[main] 2021-08-20 15:27:13 INFO  com.app.Main  - Order orderId=6, customerId=1, productId=101, orderStatus=received productname=Tv, manufacturer=Toshiba, cost=20000.0
[main] 2021-08-20 15:27:13 INFO  com.app.Main  - Order orderId=8, customerId=1, productId=100, orderStatus=received productname=Tv, manufacturer=Samsung, cost=2000.0
[main] 2021-08-20 15:27:13 INFO  com.app.Main  - Order orderId=9, customerId=1, productId=100, orderStatus=shipped productname=Tv, manufacturer=Samsung, cost=2000.0
[main] 2021-08-20 15:27:13 INFO  com.app.Main  - Order orderId=10, customerId=1, productId=100, orderStatus=shipped productname=Tv, manufacturer=Samsung, cost=2000.0
[main] 2021-08-20 15:27:13 INFO  com.app.Main  - Order orderId=11, customerId=1, productId=100, orderStatus=shipped productname=Tv, manufacturer=Samsung, cost=2000.0
[main] 2021-08-20 15:27:13 INFO  com.app.Main  - Order orderId=12, customerId=1, productId=100, orderStatus=ordered productname=Tv, manufacturer=Samsung, cost=2000.0
[main] 2021-08-20 15:27:13 INFO  com.app.Main  - Order orderId=13, customerId=1, productId=120, orderStatus=ordered productname=Mobile, manufacturer=RedMagic, cost=20000.0
[main] 2021-08-20 15:27:13 INFO  com.app.Main  - Order orderId=15, customerId=1, productId=121, orderStatus=ordered productname=Monitor, manufacturer=SONY, cost=30000.0
[main] 2021-08-20 15:27:13 INFO  com.app.Main  - Order orderId=16, customerId=1, productId=130, orderStatus=ordered productname=SONY Mobile, manufacturer=SONY, cost=20000.0
[main] 2021-08-20 15:27:13 INFO  com.app.Main  - Order orderId=17, customerId=1, productId=1233, orderStatus=ordered productname=Camera, manufacturer=Canon, cost=20000.0
[main] 2021-08-20 15:27:13 INFO  com.app.Main  - Order orderId=18, customerId=1, productId=1233, orderStatus=ordered productname=Camera, manufacturer=Canon, cost=20000.0
[main] 2021-08-20 15:27:13 INFO  com.app.Main  - 
------------------------------------------------------
[main] 2021-08-20 15:27:13 INFO  com.app.Main  - | 1. List the available products                     |
[main] 2021-08-20 15:27:13 INFO  com.app.Main  - ------------------------------------------------------
[main] 2021-08-20 15:27:13 INFO  com.app.Main  - | 2. Add a product to the Cart                       |
[main] 2021-08-20 15:27:13 INFO  com.app.Main  - ------------------------------------------------------
[main] 2021-08-20 15:27:13 INFO  com.app.Main  - | 3. View the Cart with product list and total       |
[main] 2021-08-20 15:27:13 INFO  com.app.Main  - ------------------------------------------------------
[main] 2021-08-20 15:27:13 INFO  com.app.Main  - | 4. PLace orders on the items in the Cart           |
[main] 2021-08-20 15:27:13 INFO  com.app.Main  - ------------------------------------------------------
[main] 2021-08-20 15:27:13 INFO  com.app.Main  - | 5. Mark the order as received                      |
[main] 2021-08-20 15:27:13 INFO  com.app.Main  - ------------------------------------------------------
[main] 2021-08-20 15:27:13 INFO  com.app.Main  - | 6. View all my orders and it's status              |
[main] 2021-08-20 15:27:13 INFO  com.app.Main  - ------------------------------------------------------
[main] 2021-08-20 15:27:13 INFO  com.app.Main  - | 7. Logout                                          |
[main] 2021-08-20 15:27:13 INFO  com.app.Main  - ------------------------------------------------------
[main] 2021-08-20 15:27:33 INFO  com.app.Main  - Enter the Order Id to mark it as Received
[main] 2021-08-20 15:27:38 INFO  com.app.Main  - Changed the order status to received
[main] 2021-08-20 15:27:38 INFO  com.app.Main  - Updated your Order status successfully
[main] 2021-08-20 15:27:38 INFO  com.app.Main  - 
------------------------------------------------------
[main] 2021-08-20 15:27:38 INFO  com.app.Main  - | 1. List the available products                     |
[main] 2021-08-20 15:27:38 INFO  com.app.Main  - ------------------------------------------------------
[main] 2021-08-20 15:27:38 INFO  com.app.Main  - | 2. Add a product to the Cart                       |
[main] 2021-08-20 15:27:38 INFO  com.app.Main  - ------------------------------------------------------
[main] 2021-08-20 15:27:38 INFO  com.app.Main  - | 3. View the Cart with product list and total       |
[main] 2021-08-20 15:27:38 INFO  com.app.Main  - ------------------------------------------------------
[main] 2021-08-20 15:27:38 INFO  com.app.Main  - | 4. PLace orders on the items in the Cart           |
[main] 2021-08-20 15:27:38 INFO  com.app.Main  - ------------------------------------------------------
[main] 2021-08-20 15:27:38 INFO  com.app.Main  - | 5. Mark the order as received                      |
[main] 2021-08-20 15:27:38 INFO  com.app.Main  - ------------------------------------------------------
[main] 2021-08-20 15:27:38 INFO  com.app.Main  - | 6. View all my orders and it's status              |
[main] 2021-08-20 15:27:38 INFO  com.app.Main  - ------------------------------------------------------
[main] 2021-08-20 15:27:38 INFO  com.app.Main  - | 7. Logout                                          |
[main] 2021-08-20 15:27:38 INFO  com.app.Main  - ------------------------------------------------------
[main] 2021-08-20 15:27:41 INFO  com.app.Main  - Orders you have placed
[main] 2021-08-20 15:27:42 INFO  com.app.Main  - Order orderId=5, customerId=1, productId=100, orderStatus=received productname=Tv, manufacturer=Samsung, cost=2000.0
[main] 2021-08-20 15:27:42 INFO  com.app.Main  - Order orderId=6, customerId=1, productId=101, orderStatus=received productname=Tv, manufacturer=Toshiba, cost=20000.0
[main] 2021-08-20 15:27:42 INFO  com.app.Main  - Order orderId=8, customerId=1, productId=100, orderStatus=received productname=Tv, manufacturer=Samsung, cost=2000.0
[main] 2021-08-20 15:27:42 INFO  com.app.Main  - Order orderId=9, customerId=1, productId=100, orderStatus=shipped productname=Tv, manufacturer=Samsung, cost=2000.0
[main] 2021-08-20 15:27:42 INFO  com.app.Main  - Order orderId=10, customerId=1, productId=100, orderStatus=shipped productname=Tv, manufacturer=Samsung, cost=2000.0
[main] 2021-08-20 15:27:42 INFO  com.app.Main  - Order orderId=11, customerId=1, productId=100, orderStatus=shipped productname=Tv, manufacturer=Samsung, cost=2000.0
[main] 2021-08-20 15:27:42 INFO  com.app.Main  - Order orderId=12, customerId=1, productId=100, orderStatus=ordered productname=Tv, manufacturer=Samsung, cost=2000.0
[main] 2021-08-20 15:27:42 INFO  com.app.Main  - Order orderId=13, customerId=1, productId=120, orderStatus=ordered productname=Mobile, manufacturer=RedMagic, cost=20000.0
[main] 2021-08-20 15:27:42 INFO  com.app.Main  - Order orderId=15, customerId=1, productId=121, orderStatus=ordered productname=Monitor, manufacturer=SONY, cost=30000.0
[main] 2021-08-20 15:27:42 INFO  com.app.Main  - Order orderId=16, customerId=1, productId=130, orderStatus=ordered productname=SONY Mobile, manufacturer=SONY, cost=20000.0
[main] 2021-08-20 15:27:42 INFO  com.app.Main  - Order orderId=17, customerId=1, productId=1233, orderStatus=ordered productname=Camera, manufacturer=Canon, cost=20000.0
[main] 2021-08-20 15:27:42 INFO  com.app.Main  - Order orderId=18, customerId=1, productId=1233, orderStatus=received productname=Camera, manufacturer=Canon, cost=20000.0
[main] 2021-08-20 15:27:42 INFO  com.app.Main  - 
------------------------------------------------------
[main] 2021-08-20 15:27:42 INFO  com.app.Main  - | 1. List the available products                     |
[main] 2021-08-20 15:27:42 INFO  com.app.Main  - ------------------------------------------------------
[main] 2021-08-20 15:27:42 INFO  com.app.Main  - | 2. Add a product to the Cart                       |
[main] 2021-08-20 15:27:42 INFO  com.app.Main  - ------------------------------------------------------
[main] 2021-08-20 15:27:42 INFO  com.app.Main  - | 3. View the Cart with product list and total       |
[main] 2021-08-20 15:27:42 INFO  com.app.Main  - ------------------------------------------------------
[main] 2021-08-20 15:27:42 INFO  com.app.Main  - | 4. PLace orders on the items in the Cart           |
[main] 2021-08-20 15:27:42 INFO  com.app.Main  - ------------------------------------------------------
[main] 2021-08-20 15:27:42 INFO  com.app.Main  - | 5. Mark the order as received                      |
[main] 2021-08-20 15:27:42 INFO  com.app.Main  - ------------------------------------------------------
[main] 2021-08-20 15:27:42 INFO  com.app.Main  - | 6. View all my orders and it's status              |
[main] 2021-08-20 15:27:42 INFO  com.app.Main  - ------------------------------------------------------
[main] 2021-08-20 15:27:42 INFO  com.app.Main  - | 7. Logout                                          |
[main] 2021-08-20 15:27:42 INFO  com.app.Main  - ------------------------------------------------------
[main] 2021-08-20 15:28:06 INFO  com.app.Main  - Visit again
[main] 2021-08-20 15:28:26 INFO  com.app.Main  - Welcome to Spiro Shopping app
[main] 2021-08-20 15:28:26 INFO  com.app.Main  - ==============================
[main] 2021-08-20 15:28:26 INFO  com.app.Main  - 
[main] 2021-08-20 15:28:26 INFO  com.app.Main  - ********************************************
[main] 2021-08-20 15:28:26 INFO  com.app.Main  - |   1. Employee Login                      |
[main] 2021-08-20 15:28:26 INFO  com.app.Main  - |   2. Customer Login                      |
[main] 2021-08-20 15:28:26 INFO  com.app.Main  - |   3. New Customer? Register here         |
[main] 2021-08-20 15:28:26 INFO  com.app.Main  - |   4. Exit                                |
[main] 2021-08-20 15:28:26 INFO  com.app.Main  - ********************************************
[main] 2021-08-20 15:28:30 INFO  com.app.Main  - ENTER EMAIL TO LOGIN
[main] 2021-08-20 15:28:41 INFO  com.app.Main  - ENTER YOUR PASSWORD
[main] 2021-08-20 15:28:47 INFO  com.app.Main  - 
------------------------
[main] 2021-08-20 15:28:47 INFO  com.app.Main  - | 1. Add a Product     |
[main] 2021-08-20 15:28:47 INFO  com.app.Main  - | 2. Search Customers  |
[main] 2021-08-20 15:28:47 INFO  com.app.Main  - | 3. Mark the status   |
[main] 2021-08-20 15:28:47 INFO  com.app.Main  - | 4. Logout!           |
[main] 2021-08-20 15:28:47 INFO  com.app.Main  - ------------------------
[main] 2021-08-20 15:28:55 INFO  com.app.Main  - 
-----------------
[main] 2021-08-20 15:28:55 INFO  com.app.Main  - |Search By      |
[main] 2021-08-20 15:28:55 INFO  com.app.Main  - |---------------|
[main] 2021-08-20 15:28:55 INFO  com.app.Main  - | 1. Id         |
[main] 2021-08-20 15:28:55 INFO  com.app.Main  - | 2. Name       |
[main] 2021-08-20 15:28:55 INFO  com.app.Main  - | 3. Email      |
[main] 2021-08-20 15:28:55 INFO  com.app.Main  - | 4. OrderId    |
[main] 2021-08-20 15:28:55 INFO  com.app.Main  - | 5. Exit       |
[main] 2021-08-20 15:28:55 INFO  com.app.Main  - ----------------
[main] 2021-08-20 15:29:02 INFO  com.app.Main  - Enter customer id to get Customer details
[main] 2021-08-20 15:29:07 INFO  com.app.Main  - Customer with id 1 found successfully...
[main] 2021-08-20 15:29:07 INFO  com.app.Main  - Customer customerId=1, customerName=madhu, customerEmail=madhu@gmail.com
[main] 2021-08-20 15:29:07 INFO  com.app.Main  - 
-----------------
[main] 2021-08-20 15:29:07 INFO  com.app.Main  - |Search By      |
[main] 2021-08-20 15:29:07 INFO  com.app.Main  - |---------------|
[main] 2021-08-20 15:29:07 INFO  com.app.Main  - | 1. Id         |
[main] 2021-08-20 15:29:07 INFO  com.app.Main  - | 2. Name       |
[main] 2021-08-20 15:29:07 INFO  com.app.Main  - | 3. Email      |
[main] 2021-08-20 15:29:07 INFO  com.app.Main  - | 4. OrderId    |
[main] 2021-08-20 15:29:07 INFO  com.app.Main  - | 5. Exit       |
[main] 2021-08-20 15:29:07 INFO  com.app.Main  - ----------------
[main] 2021-08-20 15:29:32 INFO  com.app.Main  - Enter customer name to get Customer details
[main] 2021-08-20 15:29:35 INFO  com.app.Main  - Total there are 5 number of customers 
[main] 2021-08-20 15:29:35 INFO  com.app.Main  - Customer customerId=1, customerName=madhu, customerEmail=madhu@gmail.com
[main] 2021-08-20 15:29:35 INFO  com.app.Main  - Customer customerId=2, customerName=madhu, customerEmail=nnm@gmail.com
[main] 2021-08-20 15:29:35 INFO  com.app.Main  - Customer customerId=40, customerName=Madhu, customerEmail=nagmadh@gmail.com
[main] 2021-08-20 15:29:35 INFO  com.app.Main  - Customer customerId=41, customerName=Madhu, customerEmail=nmadh@gmail.com
[main] 2021-08-20 15:29:35 INFO  com.app.Main  - Customer customerId=43, customerName=Madhu, customerEmail=nagamadh@gmail.com
[main] 2021-08-20 15:29:35 INFO  com.app.Main  - 
-----------------
[main] 2021-08-20 15:29:35 INFO  com.app.Main  - |Search By      |
[main] 2021-08-20 15:29:35 INFO  com.app.Main  - |---------------|
[main] 2021-08-20 15:29:35 INFO  com.app.Main  - | 1. Id         |
[main] 2021-08-20 15:29:35 INFO  com.app.Main  - | 2. Name       |
[main] 2021-08-20 15:29:35 INFO  com.app.Main  - | 3. Email      |
[main] 2021-08-20 15:29:35 INFO  com.app.Main  - | 4. OrderId    |
[main] 2021-08-20 15:29:35 INFO  com.app.Main  - | 5. Exit       |
[main] 2021-08-20 15:29:35 INFO  com.app.Main  - ----------------
[main] 2021-08-20 15:29:46 INFO  com.app.Main  - Enter customer Email to get Customer details
[main] 2021-08-20 15:29:53 INFO  com.app.Main  - Customer with id madhu@gmail.com found successfully...
[main] 2021-08-20 15:29:53 INFO  com.app.Main  - Customer customerId=1, customerName=madhu, customerEmail=madhu@gmail.com
[main] 2021-08-20 15:29:53 INFO  com.app.Main  - 
-----------------
[main] 2021-08-20 15:29:53 INFO  com.app.Main  - |Search By      |
[main] 2021-08-20 15:29:53 INFO  com.app.Main  - |---------------|
[main] 2021-08-20 15:29:53 INFO  com.app.Main  - | 1. Id         |
[main] 2021-08-20 15:29:53 INFO  com.app.Main  - | 2. Name       |
[main] 2021-08-20 15:29:53 INFO  com.app.Main  - | 3. Email      |
[main] 2021-08-20 15:29:53 INFO  com.app.Main  - | 4. OrderId    |
[main] 2021-08-20 15:29:53 INFO  com.app.Main  - | 5. Exit       |
[main] 2021-08-20 15:29:53 INFO  com.app.Main  - ----------------
[main] 2021-08-20 15:30:06 INFO  com.app.Main  - ENTER ORDER ID
[main] 2021-08-20 15:30:08 INFO  com.app.Main  - Customer with Order id 18 found successfully...
[main] 2021-08-20 15:30:08 INFO  com.app.Main  - OrderId=18,CustomerId=1, CustomerName=madhu, CustomerEmail=madhu@gmail.com
[main] 2021-08-20 15:30:08 INFO  com.app.Main  - 
-----------------
[main] 2021-08-20 15:30:08 INFO  com.app.Main  - |Search By      |
[main] 2021-08-20 15:30:08 INFO  com.app.Main  - |---------------|
[main] 2021-08-20 15:30:08 INFO  com.app.Main  - | 1. Id         |
[main] 2021-08-20 15:30:08 INFO  com.app.Main  - | 2. Name       |
[main] 2021-08-20 15:30:08 INFO  com.app.Main  - | 3. Email      |
[main] 2021-08-20 15:30:08 INFO  com.app.Main  - | 4. OrderId    |
[main] 2021-08-20 15:30:08 INFO  com.app.Main  - | 5. Exit       |
[main] 2021-08-20 15:30:08 INFO  com.app.Main  - ----------------
[main] 2021-08-20 15:30:43 INFO  com.app.Main  - 
------------------------
[main] 2021-08-20 15:30:43 INFO  com.app.Main  - | 1. Add a Product     |
[main] 2021-08-20 15:30:43 INFO  com.app.Main  - | 2. Search Customers  |
[main] 2021-08-20 15:30:43 INFO  com.app.Main  - | 3. Mark the status   |
[main] 2021-08-20 15:30:43 INFO  com.app.Main  - | 4. Logout!           |
[main] 2021-08-20 15:30:43 INFO  com.app.Main  - ------------------------
[main] 2021-08-20 15:30:50 INFO  com.app.Main  - Enter the product details below to add a product
[main] 2021-08-20 15:30:50 INFO  com.app.Main  - ENTER PRODUCT ID 
[main] 2021-08-20 15:30:56 INFO  com.app.Main  - ENTER PRODUCT NAME
[main] 2021-08-20 15:30:58 INFO  com.app.Main  - ENTER MANUFACTURER NAME
[main] 2021-08-20 15:31:00 INFO  com.app.Main  - ENTER COST
[main] 2021-08-20 15:31:02 INFO  com.app.Main  - Product created with below details successfully
[main] 2021-08-20 15:31:02 INFO  com.app.addProduct.service.impl.ProductAddServiceImpl  - Product Id=7665, Name=iuyhgf, Manufacturer=iuytgfre, Cost=3000.0
[main] 2021-08-20 15:31:02 INFO  com.app.Main  - 
------------------------
[main] 2021-08-20 15:31:02 INFO  com.app.Main  - | 1. Add a Product     |
[main] 2021-08-20 15:31:02 INFO  com.app.Main  - | 2. Search Customers  |
[main] 2021-08-20 15:31:02 INFO  com.app.Main  - | 3. Mark the status   |
[main] 2021-08-20 15:31:02 INFO  com.app.Main  - | 4. Logout!           |
[main] 2021-08-20 15:31:02 INFO  com.app.Main  - ------------------------
[main] 2021-08-20 15:31:24 INFO  com.app.Main  - Orders placed by the Customers are
[main] 2021-08-20 15:31:24 INFO  com.app.Main  - Order orderId=1, customerId=2, productId=100, orderStatus=shipped productname=Tv, manufacturer=Samsung, cost=2000.0
[main] 2021-08-20 15:31:24 INFO  com.app.Main  - Order orderId=2, customerId=2, productId=100, orderStatus=shipped productname=Tv, manufacturer=Samsung, cost=2000.0
[main] 2021-08-20 15:31:24 INFO  com.app.Main  - Order orderId=3, customerId=2, productId=120, orderStatus=ordered productname=Mobile, manufacturer=RedMagic, cost=20000.0
[main] 2021-08-20 15:31:24 INFO  com.app.Main  - Order orderId=5, customerId=1, productId=100, orderStatus=received productname=Tv, manufacturer=Samsung, cost=2000.0
[main] 2021-08-20 15:31:24 INFO  com.app.Main  - Order orderId=6, customerId=1, productId=101, orderStatus=received productname=Tv, manufacturer=Toshiba, cost=20000.0
[main] 2021-08-20 15:31:24 INFO  com.app.Main  - Order orderId=8, customerId=1, productId=100, orderStatus=received productname=Tv, manufacturer=Samsung, cost=2000.0
[main] 2021-08-20 15:31:24 INFO  com.app.Main  - Order orderId=9, customerId=1, productId=100, orderStatus=shipped productname=Tv, manufacturer=Samsung, cost=2000.0
[main] 2021-08-20 15:31:24 INFO  com.app.Main  - Order orderId=10, customerId=1, productId=100, orderStatus=shipped productname=Tv, manufacturer=Samsung, cost=2000.0
[main] 2021-08-20 15:31:24 INFO  com.app.Main  - Order orderId=11, customerId=1, productId=100, orderStatus=shipped productname=Tv, manufacturer=Samsung, cost=2000.0
[main] 2021-08-20 15:31:24 INFO  com.app.Main  - Order orderId=12, customerId=1, productId=100, orderStatus=ordered productname=Tv, manufacturer=Samsung, cost=2000.0
[main] 2021-08-20 15:31:24 INFO  com.app.Main  - Order orderId=13, customerId=1, productId=120, orderStatus=ordered productname=Mobile, manufacturer=RedMagic, cost=20000.0
[main] 2021-08-20 15:31:24 INFO  com.app.Main  - Order orderId=14, customerId=235, productId=1233, orderStatus=received productname=Camera, manufacturer=Canon, cost=20000.0
[main] 2021-08-20 15:31:24 INFO  com.app.Main  - Order orderId=15, customerId=1, productId=121, orderStatus=ordered productname=Monitor, manufacturer=SONY, cost=30000.0
[main] 2021-08-20 15:31:24 INFO  com.app.Main  - Order orderId=16, customerId=1, productId=130, orderStatus=ordered productname=SONY Mobile, manufacturer=SONY, cost=20000.0
[main] 2021-08-20 15:31:24 INFO  com.app.Main  - Order orderId=17, customerId=1, productId=1233, orderStatus=ordered productname=Camera, manufacturer=Canon, cost=20000.0
[main] 2021-08-20 15:31:24 INFO  com.app.Main  - Order orderId=18, customerId=1, productId=1233, orderStatus=received productname=Camera, manufacturer=Canon, cost=20000.0
[main] 2021-08-20 15:31:24 INFO  com.app.Main  - 
[main] 2021-08-20 15:31:24 INFO  com.app.Main  - ENTER ORDER ID
[main] 2021-08-20 15:31:54 INFO  com.app.Main  - Shipped the product successfully!
[main] 2021-08-20 15:31:55 INFO  com.app.Main  - Updated the Order Status to shipped
[main] 2021-08-20 15:31:55 INFO  com.app.Main  - 
------------------------
[main] 2021-08-20 15:31:55 INFO  com.app.Main  - | 1. Add a Product     |
[main] 2021-08-20 15:31:55 INFO  com.app.Main  - | 2. Search Customers  |
[main] 2021-08-20 15:31:55 INFO  com.app.Main  - | 3. Mark the status   |
[main] 2021-08-20 15:31:55 INFO  com.app.Main  - | 4. Logout!           |
[main] 2021-08-20 15:31:55 INFO  com.app.Main  - ------------------------
[main] 2021-08-20 15:32:01 INFO  com.app.Main  - Orders placed by the Customers are
[main] 2021-08-20 15:32:01 INFO  com.app.Main  - Order orderId=1, customerId=2, productId=100, orderStatus=shipped productname=Tv, manufacturer=Samsung, cost=2000.0
[main] 2021-08-20 15:32:01 INFO  com.app.Main  - Order orderId=2, customerId=2, productId=100, orderStatus=shipped productname=Tv, manufacturer=Samsung, cost=2000.0
[main] 2021-08-20 15:32:01 INFO  com.app.Main  - Order orderId=3, customerId=2, productId=120, orderStatus=ordered productname=Mobile, manufacturer=RedMagic, cost=20000.0
[main] 2021-08-20 15:32:01 INFO  com.app.Main  - Order orderId=5, customerId=1, productId=100, orderStatus=received productname=Tv, manufacturer=Samsung, cost=2000.0
[main] 2021-08-20 15:32:01 INFO  com.app.Main  - Order orderId=6, customerId=1, productId=101, orderStatus=received productname=Tv, manufacturer=Toshiba, cost=20000.0
[main] 2021-08-20 15:32:01 INFO  com.app.Main  - Order orderId=8, customerId=1, productId=100, orderStatus=received productname=Tv, manufacturer=Samsung, cost=2000.0
[main] 2021-08-20 15:32:01 INFO  com.app.Main  - Order orderId=9, customerId=1, productId=100, orderStatus=shipped productname=Tv, manufacturer=Samsung, cost=2000.0
[main] 2021-08-20 15:32:01 INFO  com.app.Main  - Order orderId=10, customerId=1, productId=100, orderStatus=shipped productname=Tv, manufacturer=Samsung, cost=2000.0
[main] 2021-08-20 15:32:01 INFO  com.app.Main  - Order orderId=11, customerId=1, productId=100, orderStatus=shipped productname=Tv, manufacturer=Samsung, cost=2000.0
[main] 2021-08-20 15:32:01 INFO  com.app.Main  - Order orderId=12, customerId=1, productId=100, orderStatus=ordered productname=Tv, manufacturer=Samsung, cost=2000.0
[main] 2021-08-20 15:32:01 INFO  com.app.Main  - Order orderId=13, customerId=1, productId=120, orderStatus=ordered productname=Mobile, manufacturer=RedMagic, cost=20000.0
[main] 2021-08-20 15:32:01 INFO  com.app.Main  - Order orderId=14, customerId=235, productId=1233, orderStatus=received productname=Camera, manufacturer=Canon, cost=20000.0
[main] 2021-08-20 15:32:01 INFO  com.app.Main  - Order orderId=15, customerId=1, productId=121, orderStatus=ordered productname=Monitor, manufacturer=SONY, cost=30000.0
[main] 2021-08-20 15:32:01 INFO  com.app.Main  - Order orderId=16, customerId=1, productId=130, orderStatus=shipped productname=SONY Mobile, manufacturer=SONY, cost=20000.0
[main] 2021-08-20 15:32:01 INFO  com.app.Main  - Order orderId=17, customerId=1, productId=1233, orderStatus=ordered productname=Camera, manufacturer=Canon, cost=20000.0
[main] 2021-08-20 15:32:01 INFO  com.app.Main  - Order orderId=18, customerId=1, productId=1233, orderStatus=received productname=Camera, manufacturer=Canon, cost=20000.0
[main] 2021-08-20 15:32:01 INFO  com.app.Main  - 
[main] 2021-08-20 15:32:01 INFO  com.app.Main  - ENTER ORDER ID
[main] 2021-08-20 15:32:26 INFO  com.app.Main  - Welcome to Spiro Shopping app
[main] 2021-08-20 15:32:26 INFO  com.app.Main  - ==============================
[main] 2021-08-20 15:32:26 INFO  com.app.Main  - 
[main] 2021-08-20 15:32:26 INFO  com.app.Main  - ********************************************
[main] 2021-08-20 15:32:26 INFO  com.app.Main  - |   1. Employee Login                      |
[main] 2021-08-20 15:32:26 INFO  com.app.Main  - |   2. Customer Login                      |
[main] 2021-08-20 15:32:26 INFO  com.app.Main  - |   3. New Customer? Register here         |
[main] 2021-08-20 15:32:26 INFO  com.app.Main  - |   4. Exit                                |
[main] 2021-08-20 15:32:26 INFO  com.app.Main  - ********************************************
[main] 2021-08-20 15:32:30 INFO  com.app.Main  - 
Welcome to the Family
[main] 2021-08-20 15:32:30 INFO  com.app.Main  - ENTER YOUR ID
